<?xml version="1.0" encoding="UTF-8"?>
<!-- Generated by org.testng.reporters.JUnitXMLReporter -->
<testsuite hostname="premalathas-Air.lan" failures="1" tests="1" name="Default test(failed)" time="0.153" errors="0" timestamp="7 Jan 2019 12:16:11 GMT">
  <testcase classname="io.maestrano.marlin.test.AddModuleTest" name="@AfterMethod quit" time="0.0">
    <failure type="java.lang.NullPointerException">
      <![CDATA[java.lang.NullPointerException
	at io.maestrano.marlin.test.base.BaseTest.reportFailure(BaseTest.java:59)
	at io.maestrano.marlin.test.base.BaseTest.quit(BaseTest.java:90)
... Removed 26 stack frames]]>
    </failure>
  </testcase> <!-- @AfterMethod quit -->
  <testcase classname="io.maestrano.marlin.test.AddModuleTest" name="doLogin" time="0.016">
    <failure type="java.lang.Error" message="Unresolved compilation problem: 
	Syntax error on token &amp;quot;000&amp;quot;, delete this token
">
      <![CDATA[java.lang.Error: Unresolved compilation problem: 
	Syntax error on token "000", delete this token

	at io.maestrano.marlin.test.AddModuleTest.doLogin(AddModuleTest.java:48)
... Removed 24 stack frames]]>
    </failure>
  </testcase> <!-- doLogin -->
</testsuite> <!-- Default test(failed) -->
